<?xml version="1.0" encoding="utf-8" standalone="no"?>
<test-results xmlns:xsi="http://www.w3.org/2001/XMLSchema-instance" xsi:noNamespaceSchemaLocation="nunit_schema_2.5.xsd" name="Pester" total="49" errors="0" failures="0" not-run="0" inconclusive="0" ignored="0" skipped="0" invalid="0" date="2017-01-24" time="21:04:43">
  <environment user="ab73541" machine-name="SGC340" cwd="C:\Users\ab73541\Documents\GitHub\Powershell-XKCD" user-domain="SAVVIS" platform="Microsoft Windows 7 Enterprise |C:\WINDOWS|\Device\Harddisk0\Partition1" nunit-version="2.5.8.0" os-version="6.1.7601" clr-version="4.0.30319.42000" />
  <culture-info current-culture="en-GB" current-uiculture="en-US" />
  <test-suite type="TestFixture" name="Pester" executed="True" result="Success" success="True" time="12.1007" asserts="0" description="Pester">
    <results>
      <test-suite type="TestFixture" name="C:\Users\ab73541\Documents\GitHub\Powershell-XKCD\Tests\Default.Tests.ps1" executed="True" result="Success" success="True" time="7.0782" asserts="0" description="C:\Users\ab73541\Documents\GitHub\Powershell-XKCD\Tests\Default.Tests.ps1">
        <results>
          <test-suite type="TestFixture" name="Testing all Modules against default PSScriptAnalyzer rule-set" executed="True" result="Success" success="True" time="7.0782" asserts="0" description="Testing all Modules against default PSScriptAnalyzer rule-set">
            <results>
              <test-suite type="TestFixture" name="Testing Module 'C:\Users\ab73541\Documents\GitHub\Powershell-XKCD\xkcd\xkcd.psm1'" executed="True" result="Success" success="True" time="7.0782" asserts="0" description="Testing Module 'C:\Users\ab73541\Documents\GitHub\Powershell-XKCD\xkcd\xkcd.psm1'">
                <results>
                  <test-case description="passes the PSScriptAnalyzer Rule PSAvoidUsingCmdletAliases" name="Testing all Modules against default PSScriptAnalyzer rule-set.Testing Module 'C:\Users\ab73541\Documents\GitHub\Powershell-XKCD\xkcd\xkcd.psm1'.passes the PSScriptAnalyzer Rule PSAvoidUsingCmdletAliases" time="1.6702" asserts="0" success="True" result="Success" executed="True" />
                  <test-case description="passes the PSScriptAnalyzer Rule PSAvoidDefaultValueSwitchParameter" name="Testing all Modules against default PSScriptAnalyzer rule-set.Testing Module 'C:\Users\ab73541\Documents\GitHub\Powershell-XKCD\xkcd\xkcd.psm1'.passes the PSScriptAnalyzer Rule PSAvoidDefaultValueSwitchParameter" time="0.1716" asserts="0" success="True" result="Success" executed="True" />
                  <test-case description="passes the PSScriptAnalyzer Rule PSAvoidDefaultValueForMandatoryParameter" name="Testing all Modules against default PSScriptAnalyzer rule-set.Testing Module 'C:\Users\ab73541\Documents\GitHub\Powershell-XKCD\xkcd\xkcd.psm1'.passes the PSScriptAnalyzer Rule PSAvoidDefaultValueForMandatoryParameter" time="0.0838" asserts="0" success="True" result="Success" executed="True" />
                  <test-case description="passes the PSScriptAnalyzer Rule PSAvoidUsingEmptyCatchBlock" name="Testing all Modules against default PSScriptAnalyzer rule-set.Testing Module 'C:\Users\ab73541\Documents\GitHub\Powershell-XKCD\xkcd\xkcd.psm1'.passes the PSScriptAnalyzer Rule PSAvoidUsingEmptyCatchBlock" time="0.081" asserts="0" success="True" result="Success" executed="True" />
                  <test-case description="passes the PSScriptAnalyzer Rule PSAvoidGlobalAliases" name="Testing all Modules against default PSScriptAnalyzer rule-set.Testing Module 'C:\Users\ab73541\Documents\GitHub\Powershell-XKCD\xkcd\xkcd.psm1'.passes the PSScriptAnalyzer Rule PSAvoidGlobalAliases" time="0.093" asserts="0" success="True" result="Success" executed="True" />
                  <test-case description="passes the PSScriptAnalyzer Rule PSAvoidGlobalFunctions" name="Testing all Modules against default PSScriptAnalyzer rule-set.Testing Module 'C:\Users\ab73541\Documents\GitHub\Powershell-XKCD\xkcd\xkcd.psm1'.passes the PSScriptAnalyzer Rule PSAvoidGlobalFunctions" time="0.0651" asserts="0" success="True" result="Success" executed="True" />
                  <test-case description="passes the PSScriptAnalyzer Rule PSAvoidGlobalVars" name="Testing all Modules against default PSScriptAnalyzer rule-set.Testing Module 'C:\Users\ab73541\Documents\GitHub\Powershell-XKCD\xkcd\xkcd.psm1'.passes the PSScriptAnalyzer Rule PSAvoidGlobalVars" time="0.0679" asserts="0" success="True" result="Success" executed="True" />
                  <test-case description="passes the PSScriptAnalyzer Rule PSAvoidInvokingEmptyMembers" name="Testing all Modules against default PSScriptAnalyzer rule-set.Testing Module 'C:\Users\ab73541\Documents\GitHub\Powershell-XKCD\xkcd\xkcd.psm1'.passes the PSScriptAnalyzer Rule PSAvoidInvokingEmptyMembers" time="0.0771" asserts="0" success="True" result="Success" executed="True" />
                  <test-case description="passes the PSScriptAnalyzer Rule PSAvoidNullOrEmptyHelpMessageAttribute" name="Testing all Modules against default PSScriptAnalyzer rule-set.Testing Module 'C:\Users\ab73541\Documents\GitHub\Powershell-XKCD\xkcd\xkcd.psm1'.passes the PSScriptAnalyzer Rule PSAvoidNullOrEmptyHelpMessageAttribute" time="0.0601" asserts="0" success="True" result="Success" executed="True" />
                  <test-case description="passes the PSScriptAnalyzer Rule PSAvoidUsingPositionalParameters" name="Testing all Modules against default PSScriptAnalyzer rule-set.Testing Module 'C:\Users\ab73541\Documents\GitHub\Powershell-XKCD\xkcd\xkcd.psm1'.passes the PSScriptAnalyzer Rule PSAvoidUsingPositionalParameters" time="0.1062" asserts="0" success="True" result="Success" executed="True" />
                  <test-case description="passes the PSScriptAnalyzer Rule PSReservedCmdletChar" name="Testing all Modules against default PSScriptAnalyzer rule-set.Testing Module 'C:\Users\ab73541\Documents\GitHub\Powershell-XKCD\xkcd\xkcd.psm1'.passes the PSScriptAnalyzer Rule PSReservedCmdletChar" time="0.1297" asserts="0" success="True" result="Success" executed="True" />
                  <test-case description="passes the PSScriptAnalyzer Rule PSReservedParams" name="Testing all Modules against default PSScriptAnalyzer rule-set.Testing Module 'C:\Users\ab73541\Documents\GitHub\Powershell-XKCD\xkcd\xkcd.psm1'.passes the PSScriptAnalyzer Rule PSReservedParams" time="0.1438" asserts="0" success="True" result="Success" executed="True" />
                  <test-case description="passes the PSScriptAnalyzer Rule PSAvoidShouldContinueWithoutForce" name="Testing all Modules against default PSScriptAnalyzer rule-set.Testing Module 'C:\Users\ab73541\Documents\GitHub\Powershell-XKCD\xkcd\xkcd.psm1'.passes the PSScriptAnalyzer Rule PSAvoidShouldContinueWithoutForce" time="0.0617" asserts="0" success="True" result="Success" executed="True" />
                  <test-case description="passes the PSScriptAnalyzer Rule PSAvoidUsingUserNameAndPassWordParams" name="Testing all Modules against default PSScriptAnalyzer rule-set.Testing Module 'C:\Users\ab73541\Documents\GitHub\Powershell-XKCD\xkcd\xkcd.psm1'.passes the PSScriptAnalyzer Rule PSAvoidUsingUserNameAndPassWordParams" time="0.068" asserts="0" success="True" result="Success" executed="True" />
                  <test-case description="passes the PSScriptAnalyzer Rule PSAvoidUsingComputerNameHardcoded" name="Testing all Modules against default PSScriptAnalyzer rule-set.Testing Module 'C:\Users\ab73541\Documents\GitHub\Powershell-XKCD\xkcd\xkcd.psm1'.passes the PSScriptAnalyzer Rule PSAvoidUsingComputerNameHardcoded" time="0.0605" asserts="0" success="True" result="Success" executed="True" />
                  <test-case description="passes the PSScriptAnalyzer Rule PSAvoidUsingConvertToSecureStringWithPlainText" name="Testing all Modules against default PSScriptAnalyzer rule-set.Testing Module 'C:\Users\ab73541\Documents\GitHub\Powershell-XKCD\xkcd\xkcd.psm1'.passes the PSScriptAnalyzer Rule PSAvoidUsingConvertToSecureStringWithPlainText" time="0.0808" asserts="0" success="True" result="Success" executed="True" />
                  <test-case description="passes the PSScriptAnalyzer Rule PSAvoidUsingDeprecatedManifestFields" name="Testing all Modules against default PSScriptAnalyzer rule-set.Testing Module 'C:\Users\ab73541\Documents\GitHub\Powershell-XKCD\xkcd\xkcd.psm1'.passes the PSScriptAnalyzer Rule PSAvoidUsingDeprecatedManifestFields" time="0.094" asserts="0" success="True" result="Success" executed="True" />
                  <test-case description="passes the PSScriptAnalyzer Rule PSAvoidUsingInvokeExpression" name="Testing all Modules against default PSScriptAnalyzer rule-set.Testing Module 'C:\Users\ab73541\Documents\GitHub\Powershell-XKCD\xkcd\xkcd.psm1'.passes the PSScriptAnalyzer Rule PSAvoidUsingInvokeExpression" time="0.1578" asserts="0" success="True" result="Success" executed="True" />
                  <test-case description="passes the PSScriptAnalyzer Rule PSAvoidUsingPlainTextForPassword" name="Testing all Modules against default PSScriptAnalyzer rule-set.Testing Module 'C:\Users\ab73541\Documents\GitHub\Powershell-XKCD\xkcd\xkcd.psm1'.passes the PSScriptAnalyzer Rule PSAvoidUsingPlainTextForPassword" time="0.0845" asserts="0" success="True" result="Success" executed="True" />
                  <test-case description="passes the PSScriptAnalyzer Rule PSAvoidUsingWMICmdlet" name="Testing all Modules against default PSScriptAnalyzer rule-set.Testing Module 'C:\Users\ab73541\Documents\GitHub\Powershell-XKCD\xkcd\xkcd.psm1'.passes the PSScriptAnalyzer Rule PSAvoidUsingWMICmdlet" time="0.0709" asserts="0" success="True" result="Success" executed="True" />
                  <test-case description="passes the PSScriptAnalyzer Rule PSAvoidUsingWriteHost" name="Testing all Modules against default PSScriptAnalyzer rule-set.Testing Module 'C:\Users\ab73541\Documents\GitHub\Powershell-XKCD\xkcd\xkcd.psm1'.passes the PSScriptAnalyzer Rule PSAvoidUsingWriteHost" time="0.089" asserts="0" success="True" result="Success" executed="True" />
                  <test-case description="passes the PSScriptAnalyzer Rule PSMisleadingBacktick" name="Testing all Modules against default PSScriptAnalyzer rule-set.Testing Module 'C:\Users\ab73541\Documents\GitHub\Powershell-XKCD\xkcd\xkcd.psm1'.passes the PSScriptAnalyzer Rule PSMisleadingBacktick" time="0.0586" asserts="0" success="True" result="Success" executed="True" />
                  <test-case description="passes the PSScriptAnalyzer Rule PSMissingModuleManifestField" name="Testing all Modules against default PSScriptAnalyzer rule-set.Testing Module 'C:\Users\ab73541\Documents\GitHub\Powershell-XKCD\xkcd\xkcd.psm1'.passes the PSScriptAnalyzer Rule PSMissingModuleManifestField" time="0.0726" asserts="0" success="True" result="Success" executed="True" />
                  <test-case description="passes the PSScriptAnalyzer Rule PSPossibleIncorrectComparisonWithNull" name="Testing all Modules against default PSScriptAnalyzer rule-set.Testing Module 'C:\Users\ab73541\Documents\GitHub\Powershell-XKCD\xkcd\xkcd.psm1'.passes the PSScriptAnalyzer Rule PSPossibleIncorrectComparisonWithNull" time="0.0617" asserts="0" success="True" result="Success" executed="True" />
                  <test-case description="passes the PSScriptAnalyzer Rule PSProvideCommentHelp" name="Testing all Modules against default PSScriptAnalyzer rule-set.Testing Module 'C:\Users\ab73541\Documents\GitHub\Powershell-XKCD\xkcd\xkcd.psm1'.passes the PSScriptAnalyzer Rule PSProvideCommentHelp" time="0.0696" asserts="0" success="True" result="Success" executed="True" />
                  <test-case description="passes the PSScriptAnalyzer Rule PSUseApprovedVerbs" name="Testing all Modules against default PSScriptAnalyzer rule-set.Testing Module 'C:\Users\ab73541\Documents\GitHub\Powershell-XKCD\xkcd\xkcd.psm1'.passes the PSScriptAnalyzer Rule PSUseApprovedVerbs" time="0.0838" asserts="0" success="True" result="Success" executed="True" />
                  <test-case description="passes the PSScriptAnalyzer Rule PSUseBOMForUnicodeEncodedFile" name="Testing all Modules against default PSScriptAnalyzer rule-set.Testing Module 'C:\Users\ab73541\Documents\GitHub\Powershell-XKCD\xkcd\xkcd.psm1'.passes the PSScriptAnalyzer Rule PSUseBOMForUnicodeEncodedFile" time="0.0653" asserts="0" success="True" result="Success" executed="True" />
                  <test-case description="passes the PSScriptAnalyzer Rule PSUseCmdletCorrectly" name="Testing all Modules against default PSScriptAnalyzer rule-set.Testing Module 'C:\Users\ab73541\Documents\GitHub\Powershell-XKCD\xkcd\xkcd.psm1'.passes the PSScriptAnalyzer Rule PSUseCmdletCorrectly" time="0.0776" asserts="0" success="True" result="Success" executed="True" />
                  <test-case description="passes the PSScriptAnalyzer Rule PSUseCompatibleCmdlets" name="Testing all Modules against default PSScriptAnalyzer rule-set.Testing Module 'C:\Users\ab73541\Documents\GitHub\Powershell-XKCD\xkcd\xkcd.psm1'.passes the PSScriptAnalyzer Rule PSUseCompatibleCmdlets" time="0.0729" asserts="0" success="True" result="Success" executed="True" />
                  <test-case description="passes the PSScriptAnalyzer Rule PSUseDeclaredVarsMoreThanAssignments" name="Testing all Modules against default PSScriptAnalyzer rule-set.Testing Module 'C:\Users\ab73541\Documents\GitHub\Powershell-XKCD\xkcd\xkcd.psm1'.passes the PSScriptAnalyzer Rule PSUseDeclaredVarsMoreThanAssignments" time="0.078" asserts="0" success="True" result="Success" executed="True" />
                  <test-case description="passes the PSScriptAnalyzer Rule PSUseLiteralInitializerForHashtable" name="Testing all Modules against default PSScriptAnalyzer rule-set.Testing Module 'C:\Users\ab73541\Documents\GitHub\Powershell-XKCD\xkcd\xkcd.psm1'.passes the PSScriptAnalyzer Rule PSUseLiteralInitializerForHashtable" time="0.0778" asserts="0" success="True" result="Success" executed="True" />
                  <test-case description="passes the PSScriptAnalyzer Rule PSUseOutputTypeCorrectly" name="Testing all Modules against default PSScriptAnalyzer rule-set.Testing Module 'C:\Users\ab73541\Documents\GitHub\Powershell-XKCD\xkcd\xkcd.psm1'.passes the PSScriptAnalyzer Rule PSUseOutputTypeCorrectly" time="0.0748" asserts="0" success="True" result="Success" executed="True" />
                  <test-case description="passes the PSScriptAnalyzer Rule PSUsePSCredentialType" name="Testing all Modules against default PSScriptAnalyzer rule-set.Testing Module 'C:\Users\ab73541\Documents\GitHub\Powershell-XKCD\xkcd\xkcd.psm1'.passes the PSScriptAnalyzer Rule PSUsePSCredentialType" time="0.2345" asserts="0" success="True" result="Success" executed="True" />
                  <test-case description="passes the PSScriptAnalyzer Rule PSShouldProcess" name="Testing all Modules against default PSScriptAnalyzer rule-set.Testing Module 'C:\Users\ab73541\Documents\GitHub\Powershell-XKCD\xkcd\xkcd.psm1'.passes the PSScriptAnalyzer Rule PSShouldProcess" time="1.7861" asserts="0" success="True" result="Success" executed="True" />
                  <test-case description="passes the PSScriptAnalyzer Rule PSUseShouldProcessForStateChangingFunctions" name="Testing all Modules against default PSScriptAnalyzer rule-set.Testing Module 'C:\Users\ab73541\Documents\GitHub\Powershell-XKCD\xkcd\xkcd.psm1'.passes the PSScriptAnalyzer Rule PSUseShouldProcessForStateChangingFunctions" time="0.0808" asserts="0" success="True" result="Success" executed="True" />
                  <test-case description="passes the PSScriptAnalyzer Rule PSUseSingularNouns" name="Testing all Modules against default PSScriptAnalyzer rule-set.Testing Module 'C:\Users\ab73541\Documents\GitHub\Powershell-XKCD\xkcd\xkcd.psm1'.passes the PSScriptAnalyzer Rule PSUseSingularNouns" time="0.087" asserts="0" success="True" result="Success" executed="True" />
                  <test-case description="passes the PSScriptAnalyzer Rule PSUseToExportFieldsInManifest" name="Testing all Modules against default PSScriptAnalyzer rule-set.Testing Module 'C:\Users\ab73541\Documents\GitHub\Powershell-XKCD\xkcd\xkcd.psm1'.passes the PSScriptAnalyzer Rule PSUseToExportFieldsInManifest" time="0.0769" asserts="0" success="True" result="Success" executed="True" />
                  <test-case description="passes the PSScriptAnalyzer Rule PSUseUTF8EncodingForHelpFile" name="Testing all Modules against default PSScriptAnalyzer rule-set.Testing Module 'C:\Users\ab73541\Documents\GitHub\Powershell-XKCD\xkcd\xkcd.psm1'.passes the PSScriptAnalyzer Rule PSUseUTF8EncodingForHelpFile" time="0.0564" asserts="0" success="True" result="Success" executed="True" />
                  <test-case description="passes the PSScriptAnalyzer Rule PSDSCDscExamplesPresent" name="Testing all Modules against default PSScriptAnalyzer rule-set.Testing Module 'C:\Users\ab73541\Documents\GitHub\Powershell-XKCD\xkcd\xkcd.psm1'.passes the PSScriptAnalyzer Rule PSDSCDscExamplesPresent" time="0.0706" asserts="0" success="True" result="Success" executed="True" />
                  <test-case description="passes the PSScriptAnalyzer Rule PSDSCDscTestsPresent" name="Testing all Modules against default PSScriptAnalyzer rule-set.Testing Module 'C:\Users\ab73541\Documents\GitHub\Powershell-XKCD\xkcd\xkcd.psm1'.passes the PSScriptAnalyzer Rule PSDSCDscTestsPresent" time="0.0506" asserts="0" success="True" result="Success" executed="True" />
                  <test-case description="passes the PSScriptAnalyzer Rule PSDSCReturnCorrectTypesForDSCFunctions" name="Testing all Modules against default PSScriptAnalyzer rule-set.Testing Module 'C:\Users\ab73541\Documents\GitHub\Powershell-XKCD\xkcd\xkcd.psm1'.passes the PSScriptAnalyzer Rule PSDSCReturnCorrectTypesForDSCFunctions" time="0.0872" asserts="0" success="True" result="Success" executed="True" />
                  <test-case description="passes the PSScriptAnalyzer Rule PSDSCUseIdenticalMandatoryParametersForDSC" name="Testing all Modules against default PSScriptAnalyzer rule-set.Testing Module 'C:\Users\ab73541\Documents\GitHub\Powershell-XKCD\xkcd\xkcd.psm1'.passes the PSScriptAnalyzer Rule PSDSCUseIdenticalMandatoryParametersForDSC" time="0.052" asserts="0" success="True" result="Success" executed="True" />
                  <test-case description="passes the PSScriptAnalyzer Rule PSDSCUseIdenticalParametersForDSC" name="Testing all Modules against default PSScriptAnalyzer rule-set.Testing Module 'C:\Users\ab73541\Documents\GitHub\Powershell-XKCD\xkcd\xkcd.psm1'.passes the PSScriptAnalyzer Rule PSDSCUseIdenticalParametersForDSC" time="0.0687" asserts="0" success="True" result="Success" executed="True" />
                  <test-case description="passes the PSScriptAnalyzer Rule PSDSCStandardDSCFunctionsInResource" name="Testing all Modules against default PSScriptAnalyzer rule-set.Testing Module 'C:\Users\ab73541\Documents\GitHub\Powershell-XKCD\xkcd\xkcd.psm1'.passes the PSScriptAnalyzer Rule PSDSCStandardDSCFunctionsInResource" time="0.0636" asserts="0" success="True" result="Success" executed="True" />
                  <test-case description="passes the PSScriptAnalyzer Rule PSDSCUseVerboseMessageInDSCResource" name="Testing all Modules against default PSScriptAnalyzer rule-set.Testing Module 'C:\Users\ab73541\Documents\GitHub\Powershell-XKCD\xkcd\xkcd.psm1'.passes the PSScriptAnalyzer Rule PSDSCUseVerboseMessageInDSCResource" time="0.0542" asserts="0" success="True" result="Success" executed="True" />
                </results>
              </test-suite>
            </results>
          </test-suite>
        </results>
      </test-suite>
      <test-suite type="TestFixture" name="C:\Users\ab73541\Documents\GitHub\Powershell-XKCD\Tests\XKCD.tests.ps1" executed="True" result="Success" success="True" time="5.0226" asserts="0" description="C:\Users\ab73541\Documents\GitHub\Powershell-XKCD\Tests\XKCD.tests.ps1">
        <results>
          <test-suite type="TestFixture" name="Basic Tests" executed="True" result="Success" success="True" time="5.0226" asserts="0" description="Basic Tests">
            <results>
              <test-suite type="TestFixture" name="Latest Comic Tests" executed="True" result="Success" success="True" time="4.7991" asserts="0" description="Latest Comic Tests">
                <results>
                  <test-case description="Get-XKCD should return a PSCustomObject" name="Basic Tests.Latest Comic Tests.Get-XKCD should return a PSCustomObject" time="4.7254" asserts="0" success="True" result="Success" executed="True" />
                  <test-case description="Get-XKCD should return an integer" name="Basic Tests.Latest Comic Tests.Get-XKCD should return an integer" time="0.0468" asserts="0" success="True" result="Success" executed="True" />
                  <test-case description="Get-XKCD should return a comic from 2017" name="Basic Tests.Latest Comic Tests.Get-XKCD should return a comic from 2017" time="0.0268" asserts="0" success="True" result="Success" executed="True" />
                </results>
              </test-suite>
              <test-case description="Module 'xkcd' can import cleanly" name="Basic Tests.Module 'xkcd' can import cleanly" time="0.2235" asserts="0" success="True" result="Success" executed="True" />
            </results>
          </test-suite>
        </results>
      </test-suite>
    </results>
  </test-suite>
</test-results>